<?xml version="1.0" encoding="UTF-8"?>
<!-- Generated by org.testng.reporters.JUnitReportReporter -->
<testsuite hostname="MaheshChilumula" name="tests.UsersTest" tests="8" failures="0" timestamp="18 Aug 2016 12:28:26 GMT" time="251.062" errors="0">
  <testcase name="assignUserDevoloper" time="24.476" classname="tests.UsersTest"/>
  <testcase name="updateStack" time="2.299" classname="tests.UsersTest"/>
  <testcase name="verifyUserDefault" time="8.691" classname="tests.UsersTest"/>
  <testcase name="deleteStack" time="4.965" classname="tests.UsersTest"/>
  <testcase name="assignCustomRoleWithDeleteAndpublish" time="56.816" classname="tests.UsersTest"/>
  <testcase name="assignUserAsContentManager" time="48.146" classname="tests.UsersTest"/>
  <testcase name="assignCustomRoleWithCreateRight" time="52.705" classname="tests.UsersTest"/>
  <testcase name="assignCustomRoleWithUpdateAndDeleteRight" time="52.964" classname="tests.UsersTest"/>
</testsuite> <!-- tests.UsersTest -->
