<?xml version="1.0" encoding="UTF-8"?>
<!-- Generated by org.testng.reporters.JUnitReportReporter -->
<testsuite hostname="MaheshChilumula" name="tests.DefaultValueTests" tests="4" failures="0" timestamp="17 Jun 2016 10:35:50 GMT" time="99.830" errors="0">
  <testcase name="verifyDefaultValueOfTextbox" time="37.506" classname="tests.DefaultValueTests"/>
  <testcase name="verifyDefaultValueInEditedContentType" time="19.979" classname="tests.DefaultValueTests"/>
  <testcase name="verifyDefaultValueIncopiedContentType" time="21.443" classname="tests.DefaultValueTests"/>
  <testcase name="verifyDefaultValueInImportedContentType" time="20.902" classname="tests.DefaultValueTests"/>
</testsuite> <!-- tests.DefaultValueTests -->
