<?xml version="1.0" encoding="UTF-8"?>
<!-- Generated by org.testng.reporters.JUnitReportReporter -->
<testsuite hostname="MaheshChilumula" name="tests.RolesTest" tests="8" failures="0" timestamp="18 Aug 2016 12:28:25 GMT" time="70.194" errors="0">
  <testcase name="updateRole" time="5.629" classname="tests.RolesTest"/>
  <testcase name="createCustomRoleWithCreateContentTypeRight" time="16.599" classname="tests.RolesTest"/>
  <testcase name="creatCustomRoleWithUpdateAndDeleteContentTypeRight" time="9.757" classname="tests.RolesTest"/>
  <testcase name="creatCustomRoleWithDeleteAndPublsihContentTypeRight" time="9.685" classname="tests.RolesTest"/>
  <testcase name="verifyAuditLogsOfRoles" time="2.438" classname="tests.RolesTest"/>
  <testcase name="createNewRole" time="15.843" classname="tests.RolesTest"/>
  <testcase name="verifyRolesPage" time="7.283" classname="tests.RolesTest"/>
  <testcase name="deleteRole" time="2.960" classname="tests.RolesTest"/>
</testsuite> <!-- tests.RolesTest -->
