<?xml version="1.0" encoding="UTF-8"?>
<!-- Generated by org.testng.reporters.JUnitReportReporter -->
<testsuite hostname="MaheshChilumula" name="tests.VerifyPublishActivitiesTest" tests="4" failures="0" timestamp="24 Aug 2016 05:23:04 GMT" time="608.189" errors="0">
  <testcase name="unPublishEntryWithSchedule" time="132.365" classname="tests.VerifyPublishActivitiesTest"/>
  <testcase name="publishEntryWithSchedule" time="156.932" classname="tests.VerifyPublishActivitiesTest"/>
  <testcase name="publishAssetWithSchedule" time="160.883" classname="tests.VerifyPublishActivitiesTest"/>
  <testcase name="unPublishAssetWithSchedule" time="158.009" classname="tests.VerifyPublishActivitiesTest"/>
</testsuite> <!-- tests.VerifyPublishActivitiesTest -->
