<?xml version="1.0" encoding="UTF-8"?>
<!-- Generated by org.testng.reporters.JUnitReportReporter -->
<testsuite hostname="MaheshChilumula" name="tests.PublishModalTest" tests="3" failures="0" timestamp="18 Aug 2016 13:47:15 GMT" time="210.426" errors="0">
  <testcase name="verifyPublishingModal" time="7.911" classname="tests.PublishModalTest"/>
  <testcase name="localiseEntry" time="104.903" classname="tests.PublishModalTest"/>
  <testcase name="unlocalizedEntry" time="97.612" classname="tests.PublishModalTest"/>
</testsuite> <!-- tests.PublishModalTest -->
