<?xml version="1.0" encoding="UTF-8"?>
<!-- Generated by org.testng.reporters.JUnitReportReporter -->
<testsuite hostname="MaheshChilumula" name="tests.AuditLogsTest" tests="1" failures="0" timestamp="18 Aug 2016 12:28:26 GMT" time="4.019" errors="0">
  <testcase name="verifyAuditLogsOfCreateWebhookForAny" time="4.019" classname="tests.AuditLogsTest"/>
</testsuite> <!-- tests.AuditLogsTest -->
