<?xml version="1.0" encoding="UTF-8"?>
<!-- Generated by org.testng.reporters.JUnitReportReporter -->
<testsuite hostname="MaheshChilumula" name="tests.ColumnViewTest" tests="4" failures="0" timestamp="18 Aug 2016 12:28:26 GMT" time="34.763" errors="0">
  <testcase name="verifyBooleanFieldColumnview" time="3.980" classname="tests.ColumnViewTest"/>
  <testcase name="verifySingleLineTextFieldColumnview" time="1.791" classname="tests.ColumnViewTest"/>
  <testcase name="verifyNumberFieldColumnview" time="27.343" classname="tests.ColumnViewTest"/>
  <testcase name="verifyMultiLineTextFieldColumnview" time="1.649" classname="tests.ColumnViewTest"/>
</testsuite> <!-- tests.ColumnViewTest -->
