<?xml version="1.0" encoding="UTF-8"?>
<!-- Generated by org.testng.reporters.JUnitReportReporter -->
<testsuite hostname="MaheshChilumula" name="tests.ContentTest" tests="30" failures="0" timestamp="18 Aug 2016 12:28:25 GMT" time="188.627" errors="0">
  <testcase name="verifyauditlogOfImportContentType" time="0.401" classname="tests.ContentTest"/>
  <testcase name="verifyauditlogOfCreateEmptyContentType" time="4.282" classname="tests.ContentTest"/>
  <testcase name="exportContenTypeWithEntry" time="1.287" classname="tests.ContentTest"/>
  <testcase name="verifyAuditLogsOfCreateSingleContentBlock" time="3.844" classname="tests.ContentTest"/>
  <testcase name="importContentType" time="5.308" classname="tests.ContentTest"/>
  <testcase name="verifyauditlogOfDeleteLabel" time="2.059" classname="tests.ContentTest"/>
  <testcase name="createSingleContentBlock" time="27.448" classname="tests.ContentTest"/>
  <testcase name="verifyauditlogOfCopyContentType" time="0.823" classname="tests.ContentTest"/>
  <testcase name="verifyauditlogOfUpdateLabel" time="0.426" classname="tests.ContentTest"/>
  <testcase name="editLabe" time="3.936" classname="tests.ContentTest"/>
  <testcase name="verifyauditlogOfDeleteContentType" time="0.555" classname="tests.ContentTest"/>
  <testcase name="verifyauditlogOfUpdateContentType" time="0.429" classname="tests.ContentTest"/>
  <testcase name="deleteContentType" time="2.913" classname="tests.ContentTest"/>
  <testcase name="editContentType" time="7.974" classname="tests.ContentTest"/>
  <testcase name="searchContenType" time="1.222" classname="tests.ContentTest"/>
  <testcase name="deletedLabel" time="1.346" classname="tests.ContentTest"/>
  <testcase name="paginationOfContentType" time="0.180" classname="tests.ContentTest"/>
  <testcase name="verifyauditlogOfExportContentType" time="5.096" classname="tests.ContentTest"/>
  <testcase name="createContentType" time="22.187" classname="tests.ContentTest"/>
  <testcase name="createMultiplecontentBlock" time="27.449" classname="tests.ContentTest"/>
  <testcase name="createEmptyContentTYpe" time="14.342" classname="tests.ContentTest"/>
  <testcase name="createWebhookForAspecificContenttype" time="11.889" classname="tests.ContentTest"/>
  <testcase name="copyContentType" time="19.116" classname="tests.ContentTest"/>
  <testcase name="verifyAuditLogsOfCreateSetContentBlock" time="7.016" classname="tests.ContentTest"/>
  <testcase name="createChildLabel" time="3.550" classname="tests.ContentTest"/>
  <testcase name="verifyAuditLogsForCreateWebhookForAspecificContentType" time="1.656" classname="tests.ContentTest"/>
  <testcase name="verifyauditlogOfCreateContentType" time="0.974" classname="tests.ContentTest"/>
  <testcase name="verifyauditlogOfCreateSanityLabel" time="4.222" classname="tests.ContentTest"/>
  <testcase name="verifyLabelViewPage" time="6.258" classname="tests.ContentTest"/>
  <testcase name="verifyauditlogOfCreateLabel" time="0.439" classname="tests.ContentTest"/>
</testsuite> <!-- tests.ContentTest -->
