<?xml version="1.0" encoding="UTF-8"?>
<!-- Generated by org.testng.reporters.JUnitReportReporter -->
<testsuite hostname="MaheshChilumula" name="tests.SettingsPageTest" tests="11" failures="0" timestamp="18 Aug 2016 12:28:25 GMT" time="53.672" errors="0">
  <testcase name="updateEnvironment" time="1.079" classname="tests.SettingsPageTest"/>
  <testcase name="verifyAuditLogsOfEnvironments" time="2.901" classname="tests.SettingsPageTest"/>
  <testcase name="addLanguage" time="18.823" classname="tests.SettingsPageTest"/>
  <testcase name="deleteLanguage" time="4.056" classname="tests.SettingsPageTest"/>
  <testcase name="createEnvironment" time="16.239" classname="tests.SettingsPageTest"/>
  <testcase name="searchLanguage" time="0.987" classname="tests.SettingsPageTest"/>
  <testcase name="verifyStacksPage" time="1.407" classname="tests.SettingsPageTest"/>
  <testcase name="searchEnvironment" time="0.814" classname="tests.SettingsPageTest"/>
  <testcase name="deleteEnvironment" time="5.079" classname="tests.SettingsPageTest"/>
  <testcase name="verifySettingsMenu" time="0.717" classname="tests.SettingsPageTest"/>
  <testcase name="verifyAuditLogsOfLanguage" time="1.570" classname="tests.SettingsPageTest"/>
</testsuite> <!-- tests.SettingsPageTest -->
