<?xml version="1.0" encoding="UTF-8"?>
<!-- Generated by org.testng.reporters.JUnitReportReporter -->
<testsuite hostname="MaheshChilumula" name="tests.ExtentReport" tests="2" failures="0" timestamp="15 Mar 2016 12:54:07 GMT" time="74.387" errors="0">
  <testcase name="verifyLogo" time="3.392" classname="tests.ExtentReport"/>
  <testcase name="verifyHomePageTitle" time="70.995" classname="tests.ExtentReport"/>
</testsuite> <!-- tests.ExtentReport -->
