<?xml version="1.0" encoding="UTF-8"?>
<!-- Generated by org.testng.reporters.JUnitReportReporter -->
<testsuite hostname="MaheshChilumula" name="tests.LoginPageTest" tests="1" failures="0" timestamp="24 Aug 2016 05:23:04 GMT" time="2.970" errors="0">
  <testcase name="loginContentstack" time="2.970" classname="tests.LoginPageTest"/>
</testsuite> <!-- tests.LoginPageTest -->
