<?xml version="1.0" encoding="UTF-8"?>
<!-- Generated by org.testng.reporters.JUnitReportReporter -->
<testsuite hostname="MaheshChilumula" name="tests.CreateSiteTest" tests="1" failures="0" timestamp="20 Nov 2015 10:31:36 GMT" time="3.747" errors="0">
  <testcase name="createNewSite" time="3.747" classname="tests.CreateSiteTest"/>
</testsuite> <!-- tests.CreateSiteTest -->
