<?xml version="1.0" encoding="UTF-8"?>
<!-- Generated by org.testng.reporters.JUnitReportReporter -->
<testsuite hostname="MaheshChilumula" name="tests.EntryPageTest" tests="8" failures="0" timestamp="18 Aug 2016 12:28:25 GMT" time="129.297" errors="0">
  <testcase name="createEntryInImportedContentType" time="11.519" classname="tests.EntryPageTest"/>
  <testcase name="verifySearchEntry" time="1.409" classname="tests.EntryPageTest"/>
  <testcase name="verifyEditEntry" time="21.864" classname="tests.EntryPageTest"/>
  <testcase name="verifyCopyiedEntry" time="11.686" classname="tests.EntryPageTest"/>
  <testcase name="importEntryInImportedContentType" time="17.387" classname="tests.EntryPageTest"/>
  <testcase name="verifyExportEntry" time="13.910" classname="tests.EntryPageTest"/>
  <testcase name="createEntry" time="46.076" classname="tests.EntryPageTest"/>
  <testcase name="verifyDeleteEntry" time="5.446" classname="tests.EntryPageTest"/>
</testsuite> <!-- tests.EntryPageTest -->
