<?xml version="1.0" encoding="UTF-8"?>
<!-- Generated by org.testng.reporters.JUnitReportReporter -->
<testsuite hostname="MaheshChilumula" name="tests.Roles" tests="1" failures="0" timestamp="4 Feb 2016 14:00:33 GMT" time="29.602" errors="0">
  <testcase name="createNewRole" time="29.602" classname="tests.Roles"/>
</testsuite> <!-- tests.Roles -->
