<?xml version="1.0" encoding="UTF-8"?>
<!-- Generated by org.testng.reporters.JUnitReportReporter -->
<testsuite hostname="MaheshChilumula" name="tests.AssetTest" tests="9" failures="0" timestamp="18 Aug 2016 12:28:25 GMT" time="178.065" errors="0">
  <testcase name="verifyFiltersByStatus" time="40.000" classname="tests.AssetTest"/>
  <testcase name="uploadAssets" time="107.125" classname="tests.AssetTest"/>
  <testcase name="verifyAuditlogsofCreateAssets" time="10.477" classname="tests.AssetTest"/>
  <testcase name="editAsset" time="5.665" classname="tests.AssetTest"/>
  <testcase name="publishAsset" time="3.688" classname="tests.AssetTest"/>
  <testcase name="verifyAuditlogsofDeleteAssetAssets" time="1.844" classname="tests.AssetTest"/>
  <testcase name="verifyAuditlogsofUpdateAssetAssets" time="0.478" classname="tests.AssetTest"/>
  <testcase name="deleteAssets" time="7.360" classname="tests.AssetTest"/>
  <testcase name="searchAsset" time="1.428" classname="tests.AssetTest"/>
</testsuite> <!-- tests.AssetTest -->
