<?xml version="1.0" encoding="UTF-8"?>
<!-- Generated by org.testng.reporters.JUnitReportReporter -->
<testsuite hostname="MaheshChilumula" name="tests.ReferenceTest" tests="1" failures="0" timestamp="19 Aug 2016 09:39:04 GMT" time="84.925" errors="0">
  <testcase name="verifyTopLevelReference" time="84.925" classname="tests.ReferenceTest"/>
</testsuite> <!-- tests.ReferenceTest -->
