<?xml version="1.0" encoding="UTF-8"?>
<!-- Generated by org.testng.reporters.JUnitReportReporter -->
<testsuite hostname="MaheshChilumula" name="tests.PublishQueueTest" tests="2" failures="0" timestamp="29 Jan 2016 07:08:22 GMT" time="284.130" errors="0">
  <testcase name="verifyPublishQueue" time="212.368" classname="tests.PublishQueueTest"/>
  <testcase name="publishEntryWithSchedule" time="71.762" classname="tests.PublishQueueTest"/>
</testsuite> <!-- tests.PublishQueueTest -->
