<?xml version="1.0" encoding="UTF-8"?>
<!-- Generated by org.testng.reporters.JUnitReportReporter -->
<testsuite hostname="MaheshChilumula" name="tests.HomePageTest" tests="1" failures="0" timestamp="15 Jun 2016 07:07:00 GMT" time="17.012" errors="0">
  <testcase name="homepage" time="17.012" classname="tests.HomePageTest"/>
</testsuite> <!-- tests.HomePageTest -->
