<?xml version="1.0" encoding="UTF-8"?>
<!-- Generated by org.testng.reporters.JUnitReportReporter -->
<testsuite hostname="MaheshChilumula" name="tests.URLpatternTest" tests="13" failures="0" timestamp="18 Aug 2016 12:28:26 GMT" time="323.046" errors="0">
  <testcase name="customURlPatternTitleWithPrefix" time="25.143" classname="tests.URLpatternTest"/>
  <testcase name="verifyDisiableURLpattern" time="24.564" classname="tests.URLpatternTest"/>
  <testcase name="verifyMonthAndTitleURlpattern" time="20.688" classname="tests.URLpatternTest"/>
  <testcase name="customURlPatternYearWithPrefix" time="24.842" classname="tests.URLpatternTest"/>
  <testcase name="customURlPatternYearShortWithPrefix" time="25.111" classname="tests.URLpatternTest"/>
  <testcase name="customURlPatternWithDay" time="25.804" classname="tests.URLpatternTest"/>
  <testcase name="verifyMonthAndTitleURlpatternWithPrefix" time="21.448" classname="tests.URLpatternTest"/>
  <testcase name="verifyTitlePatternActionsWithPrefix" time="21.130" classname="tests.URLpatternTest"/>
  <testcase name="customURlPatternDayWithPrefix" time="24.855" classname="tests.URLpatternTest"/>
  <testcase name="customURlPatternWithYear" time="24.682" classname="tests.URLpatternTest"/>
  <testcase name="customURlPatternWithMonth" time="24.679" classname="tests.URLpatternTest"/>
  <testcase name="customURlPatternWithYearShort" time="25.071" classname="tests.URLpatternTest"/>
  <testcase name="verifyTitleURlpattern" time="35.029" classname="tests.URLpatternTest"/>
</testsuite> <!-- tests.URLpatternTest -->
