<?xml version="1.0" encoding="UTF-8"?>
<!-- Generated by org.testng.reporters.JUnitReportReporter -->
<testsuite hostname="MaheshChilumula" name="tests.ContentBlockTest" tests="22" failures="0" timestamp="28 Jul 2016 07:07:48 GMT" time="234.486" errors="0">
  <testcase name="importMultipleWebPage" time="4.240" classname="tests.ContentBlockTest"/>
  <testcase name="copySingleWebPage" time="28.268" classname="tests.ContentBlockTest"/>
  <testcase name="deleteMultipleWebPage" time="8.040" classname="tests.ContentBlockTest"/>
  <testcase name="createEntryInSingleContentBlock" time="32.044" classname="tests.ContentBlockTest"/>
  <testcase name="createSingleContentBlock" time="22.588" classname="tests.ContentBlockTest"/>
  <testcase name="deleteMultipleContentBlock" time="7.079" classname="tests.ContentBlockTest"/>
  <testcase name="deleteSingleContentBlock" time="7.152" classname="tests.ContentBlockTest"/>
  <testcase name="exportMultipleContentBlock" time="1.006" classname="tests.ContentBlockTest"/>
  <testcase name="importMultipleContentBlock" time="4.574" classname="tests.ContentBlockTest"/>
  <testcase name="exportSingleWebPage" time="0.579" classname="tests.ContentBlockTest"/>
  <testcase name="deleteSingleWebPage" time="7.484" classname="tests.ContentBlockTest"/>
  <testcase name="importSingleContentBlock" time="5.164" classname="tests.ContentBlockTest"/>
  <testcase name="exportMultipleWebPage" time="0.675" classname="tests.ContentBlockTest"/>
  <testcase name="editMultipleWebPage" time="3.943" classname="tests.ContentBlockTest"/>
  <testcase name="copyMultipleWebPage" time="27.364" classname="tests.ContentBlockTest"/>
  <testcase name="editSingleWebPage" time="3.963" classname="tests.ContentBlockTest"/>
  <testcase name="editMultipleContentBlock" time="3.834" classname="tests.ContentBlockTest"/>
  <testcase name="importSingleWebPage" time="4.204" classname="tests.ContentBlockTest"/>
  <testcase name="exportSingleContentBlock" time="0.607" classname="tests.ContentBlockTest"/>
  <testcase name="copySingleContentBlock" time="27.063" classname="tests.ContentBlockTest"/>
  <testcase name="editSingleContentBlock" time="3.837" classname="tests.ContentBlockTest"/>
  <testcase name="copyMultipleContentBlock" time="30.778" classname="tests.ContentBlockTest"/>
</testsuite> <!-- tests.ContentBlockTest -->
