<?xml version="1.0" encoding="UTF-8"?>
<!-- Generated by org.testng.reporters.JUnitReportReporter -->
<testsuite hostname="MaheshChilumula" name="tests.HeaderAndFooterTest" tests="2" failures="0" timestamp="18 Aug 2016 12:28:26 GMT" time="6.378" errors="0">
  <testcase name="verifyFooter" time="0.204" classname="tests.HeaderAndFooterTest"/>
  <testcase name="verifyHeader" time="6.174" classname="tests.HeaderAndFooterTest"/>
</testsuite> <!-- tests.HeaderAndFooterTest -->
