<?xml version="1.0" encoding="UTF-8"?>
<!-- Generated by org.testng.reporters.JUnitReportReporter -->
<testsuite hostname="MaheshChilumula" name="tests.SingleContentBlockTest" tests="20" failures="0" timestamp="3 Jun 2016 14:20:04 GMT" time="168.974" errors="0">
  <testcase name="deleteSingleContentBlock" time="7.673" classname="tests.SingleContentBlockTest"/>
  <testcase name="copyMultipleContentBlock" time="25.958" classname="tests.SingleContentBlockTest"/>
  <testcase name="editMultipleContentBlock" time="3.655" classname="tests.SingleContentBlockTest"/>
  <testcase name="copySingleContentBlock" time="25.416" classname="tests.SingleContentBlockTest"/>
  <testcase name="editSingleWebPage" time="3.692" classname="tests.SingleContentBlockTest"/>
  <testcase name="exportSingleWebPage" time="0.581" classname="tests.SingleContentBlockTest"/>
  <testcase name="editMultipleWebPage" time="3.990" classname="tests.SingleContentBlockTest"/>
  <testcase name="importSingleWebPage" time="4.059" classname="tests.SingleContentBlockTest"/>
  <testcase name="exportSingleContentBlock" time="0.640" classname="tests.SingleContentBlockTest"/>
  <testcase name="deleteSingleWebPage" time="6.995" classname="tests.SingleContentBlockTest"/>
  <testcase name="exportMultipleWebPage" time="0.634" classname="tests.SingleContentBlockTest"/>
  <testcase name="deleteMultipleWebPage" time="8.037" classname="tests.SingleContentBlockTest"/>
  <testcase name="importMultipleContentBlock" time="4.599" classname="tests.SingleContentBlockTest"/>
  <testcase name="exportMultipleContentBlock" time="0.621" classname="tests.SingleContentBlockTest"/>
  <testcase name="copySingleWebPage" time="25.303" classname="tests.SingleContentBlockTest"/>
  <testcase name="copyMultipleWebPage" time="26.043" classname="tests.SingleContentBlockTest"/>
  <testcase name="importMultipleWebPage" time="4.198" classname="tests.SingleContentBlockTest"/>
  <testcase name="importSingleContentBlock" time="5.993" classname="tests.SingleContentBlockTest"/>
  <testcase name="editSingleContentBlock" time="3.829" classname="tests.SingleContentBlockTest"/>
  <testcase name="deleteMultipleContentBlock" time="7.058" classname="tests.SingleContentBlockTest"/>
</testsuite> <!-- tests.SingleContentBlockTest -->
