<?xml version="1.0" encoding="UTF-8"?>
<!-- Generated by org.testng.reporters.JUnitReportReporter -->
<testsuite hostname="MaheshChilumula" name="tests.RtePageTest" tests="1" failures="0" timestamp="23 Mar 2016 09:12:42 GMT" time="1.654" errors="0">
  <testcase name="testcase1" time="1.654" classname="tests.RtePageTest"/>
</testsuite> <!-- tests.RtePageTest -->
