<?xml version="1.0" encoding="UTF-8"?>
<!-- Generated by org.testng.reporters.JUnitReportReporter -->
<testsuite hostname="MaheshChilumula" name="tests.DashboardTest" tests="1" failures="0" timestamp="19 Aug 2016 09:39:04 GMT" time="21.230" errors="0">
  <testcase name="createNewStack" time="21.230" classname="tests.DashboardTest"/>
</testsuite> <!-- tests.DashboardTest -->
