<?xml version="1.0" encoding="UTF-8"?>
<!-- Generated by org.testng.reporters.JUnitReportReporter -->
<testsuite hostname="MaheshChilumula" name="tests.WebHookTest" tests="3" failures="0" timestamp="18 Aug 2016 12:28:26 GMT" time="50.436" errors="0">
  <testcase name="createWebhookForAnyEntry" time="16.680" classname="tests.WebHookTest"/>
  <testcase name="createWebhookForAnyContenttype" time="17.698" classname="tests.WebHookTest"/>
  <testcase name="createWebhookForAnyAsset" time="16.058" classname="tests.WebHookTest"/>
</testsuite> <!-- tests.WebHookTest -->
